<?xml version="1.0" encoding="UTF-8"?>
<testng-results ignored="0" total="1" passed="1" failed="0" skipped="0">
  <reporter-output>
  </reporter-output>
  <suite started-at="2024-08-03T19:34:55 IST" name="Default suite" finished-at="2024-08-03T19:35:26 IST" duration-ms="31369">
    <groups>
    </groups>
    <test started-at="2024-08-03T19:34:55 IST" name="Default test" finished-at="2024-08-03T19:35:26 IST" duration-ms="31369">
      <class name="FitPeoValidation.FitPeoApplication">
        <test-method signature="TestFitPeoApplication()[pri:0, instance:FitPeoValidation.FitPeoApplication@5542c4ed]" started-at="2024-08-03T19:34:55 IST" name="TestFitPeoApplication" finished-at="2024-08-03T19:35:26 IST" duration-ms="31298" status="PASS">
          <reporter-output>
          </reporter-output>
        </test-method> <!-- TestFitPeoApplication -->
      </class> <!-- FitPeoValidation.FitPeoApplication -->
    </test> <!-- Default test -->
  </suite> <!-- Default suite -->
</testng-results>
